> python3.7 -c "import sys;print(sys.executable)"
> python3.6 -c "import sys;print(sys.executable)"
> python3 -c "import sys;print(sys.executable)"
> python2 -c "import sys;print(sys.executable)"
> python -c "import sys;print(sys.executable)"
> python -c "import sys;print(sys.executable)"
> conda --version
> pyenv root
> conda info --json
> pyenv root
Python interpreter path: /usr/bin/python
Error 2021-09-09 13:03:01: Failed to check if file needs to be fixed [EntryNotFound (FileSystemError): Unable to read file '/home/qtile/.config/Code/User/settings.json' (Error: Unable to resolve non-existing file '/home/qtile/.config/Code/User/settings.json')
	at _handleError (/usr/share/vscodium-bin/resources/app/out/vs/workbench/services/extensions/node/extensionHostProcess.js:94:160087)
	at processTicksAndRejections (internal/process/task_queues.js:93:5)
	at async y.readText (/home/qtile/.vscode-oss/extensions/ms-python.python-2021.8.1159798656/out/client/extension.js:9:320331)
	at async p.doesFileNeedToBeFixed (/home/qtile/.vscode-oss/extensions/ms-python.python-2021.8.1159798656/out/client/extension.js:59:586718)
	at async /home/qtile/.vscode-oss/extensions/ms-python.python-2021.8.1159798656/out/client/extension.js:59:585845
	at async Promise.all (index 0)
	at async p.getFilesToBeFixed (/home/qtile/.vscode-oss/extensions/ms-python.python-2021.8.1159798656/out/client/extension.js:59:585791)
	at async p.updateTestSettings (/home/qtile/.vscode-oss/extensions/ms-python.python-2021.8.1159798656/out/client/extension.js:59:585418)] {
  code: 'FileNotFound'
}
> pyenv root
Starting Jedi Python language engine.
> pyenv root
> conda --version
> pyenv root
> /usr/bin/python -m pylint --disable=all --enable=F,unreachable,duplicate-key,unnecessary-semicolon,global-variable-not-assigned,unused-variable,unused-wildcard-import,binary-op-exception,bad-format-string,anomalous-backslash-in-string,bad-open-mode,E0001,E0011,E0012,E0100,E0101,E0102,E0103,E0104,E0105,E0107,E0108,E0110,E0111,E0112,E0113,E0114,E0115,E0116,E0117,E0118,E0202,E0203,E0211,E0213,E0236,E0237,E0238,E0239,E0240,E0241,E0301,E0302,E0303,E0401,E0402,E0601,E0602,E0603,E0604,E0611,E0632,E0633,E0701,E0702,E0703,E0704,E0710,E0711,E0712,E1003,E1101,E1102,E1111,E1120,E1121,E1123,E1124,E1125,E1126,E1127,E1128,E1129,E1130,E1131,E1132,E1133,E1134,E1135,E1136,E1137,E1138,E1139,E1200,E1201,E1205,E1206,E1300,E1301,E1302,E1303,E1304,E1305,E1306,E1310,E1700,E1701 --msg-template='{line},{column},{category},{symbol}:{msg}' --reports=n --output-format=text ~/.config/qtile/config.py
cwd: ~/.config/qtile
> /usr/bin/python -m pylint --disable=all --enable=F,unreachable,duplicate-key,unnecessary-semicolon,global-variable-not-assigned,unused-variable,unused-wildcard-import,binary-op-exception,bad-format-string,anomalous-backslash-in-string,bad-open-mode,E0001,E0011,E0012,E0100,E0101,E0102,E0103,E0104,E0105,E0107,E0108,E0110,E0111,E0112,E0113,E0114,E0115,E0116,E0117,E0118,E0202,E0203,E0211,E0213,E0236,E0237,E0238,E0239,E0240,E0241,E0301,E0302,E0303,E0401,E0402,E0601,E0602,E0603,E0604,E0611,E0632,E0633,E0701,E0702,E0703,E0704,E0710,E0711,E0712,E1003,E1101,E1102,E1111,E1120,E1121,E1123,E1124,E1125,E1126,E1127,E1128,E1129,E1130,E1131,E1132,E1133,E1134,E1135,E1136,E1137,E1138,E1139,E1200,E1201,E1205,E1206,E1300,E1301,E1302,E1303,E1304,E1305,E1306,E1310,E1700,E1701 --msg-template='{line},{column},{category},{symbol}:{msg}' --reports=n --output-format=text ~/.config/qtile/config.py
cwd: ~/.config/qtile
> /usr/bin/python -c "import pylint"
> /usr/bin/python -c "import pylint"
> /usr/bin/python -c "import pylint"
> /usr/bin/python -c "import pylint"

Linter 'pylint' is not installed. Please install it or select another linter".
Error: Module 'pylint' not installed.
> /usr/bin/python -c "import pip"
> /usr/bin/python -c "import pip"
> /usr/bin/python -c "import pylint"
> /usr/bin/python -c "import pylint"
> /usr/bin/python -m pylint --disable=all --enable=F,unreachable,duplicate-key,unnecessary-semicolon,global-variable-not-assigned,unused-variable,unused-wildcard-import,binary-op-exception,bad-format-string,anomalous-backslash-in-string,bad-open-mode,E0001,E0011,E0012,E0100,E0101,E0102,E0103,E0104,E0105,E0107,E0108,E0110,E0111,E0112,E0113,E0114,E0115,E0116,E0117,E0118,E0202,E0203,E0211,E0213,E0236,E0237,E0238,E0239,E0240,E0241,E0301,E0302,E0303,E0401,E0402,E0601,E0602,E0603,E0604,E0611,E0632,E0633,E0701,E0702,E0703,E0704,E0710,E0711,E0712,E1003,E1101,E1102,E1111,E1120,E1121,E1123,E1124,E1125,E1126,E1127,E1128,E1129,E1130,E1131,E1132,E1133,E1134,E1135,E1136,E1137,E1138,E1139,E1200,E1201,E1205,E1206,E1300,E1301,E1302,E1303,E1304,E1305,E1306,E1310,E1700,E1701 --msg-template='{line},{column},{category},{symbol}:{msg}' --reports=n --output-format=text ~/.config/qtile/config.py
cwd: ~/.config/qtile
> /usr/bin/python -m pylint --disable=all --enable=F,unreachable,duplicate-key,unnecessary-semicolon,global-variable-not-assigned,unused-variable,unused-wildcard-import,binary-op-exception,bad-format-string,anomalous-backslash-in-string,bad-open-mode,E0001,E0011,E0012,E0100,E0101,E0102,E0103,E0104,E0105,E0107,E0108,E0110,E0111,E0112,E0113,E0114,E0115,E0116,E0117,E0118,E0202,E0203,E0211,E0213,E0236,E0237,E0238,E0239,E0240,E0241,E0301,E0302,E0303,E0401,E0402,E0601,E0602,E0603,E0604,E0611,E0632,E0633,E0701,E0702,E0703,E0704,E0710,E0711,E0712,E1003,E1101,E1102,E1111,E1120,E1121,E1123,E1124,E1125,E1126,E1127,E1128,E1129,E1130,E1131,E1132,E1133,E1134,E1135,E1136,E1137,E1138,E1139,E1200,E1201,E1205,E1206,E1300,E1301,E1302,E1303,E1304,E1305,E1306,E1310,E1700,E1701 --msg-template='{line},{column},{category},{symbol}:{msg}' --reports=n --output-format=text ~/.config/qtile/config.py
cwd: ~/.config/qtile
##########Linting Output - pylint##########

------------------------------------
Your code has been rated at 10.00/10

> /usr/bin/python -c "import sys;print(sys.prefix)"
cwd: ~/.vscode-oss/extensions/ms-python.python-2021.8.1159798656/out/client
> /usr/bin/python -c "import sys;print(sys.prefix)"
cwd: ~/.vscode-oss/extensions/ms-python.python-2021.8.1159798656/out/client
> /usr/bin/python -c "import sys;print(sys.executable)"
cwd: ~/.vscode-oss/extensions/ms-python.python-2021.8.1159798656/out/client
> /usr/bin/python -c "import sys;print(sys.executable)"
cwd: ~/.vscode-oss/extensions/ms-python.python-2021.8.1159798656/out/client
> /usr/bin/python -c "from distutils.sysconfig import get_python_lib; print(get_python_lib())"
cwd: ~/.vscode-oss/extensions/ms-python.python-2021.8.1159798656/out/client
> /usr/bin/python -c "from distutils.sysconfig import get_python_lib; print(get_python_lib())"
cwd: ~/.vscode-oss/extensions/ms-python.python-2021.8.1159798656/out/client
> /usr/bin/python site --user-site
cwd: ~/.vscode-oss/extensions/ms-python.python-2021.8.1159798656/out/client
> /usr/bin/python site --user-site
cwd: ~/.vscode-oss/extensions/ms-python.python-2021.8.1159798656/out/client
> /usr/bin/python ~/.vscode-oss/extensions/ms-python.python-2021.8.1159798656/pythonFiles/completion.py
> /usr/bin/python ~/.vscode-oss/extensions/ms-python.python-2021.8.1159798656/pythonFiles/completion.py
Error 2021-09-09 13:05:05: stderr jediProxy Error (stderr) /home/qtile/.vscode-oss/extensions/ms-python.python-2021.8.1159798656/pythonFiles/completion.py:590: DeprecationWarning: Providing the line is now done in the functions themselves like `Script(...).complete(line, column)`
  script = jedi.Script(
/home/qtile/.vscode-oss/extensions/ms-python.python-2021.8.1159798656/pythonFiles/completion.py:590: DeprecationWarning: Providing the column is now done in the functions themselves like `Script(...).complete(line, column)`
  script = jedi.Script(
/home/qtile/.vscode-oss/extensions/ms-python.python-2021.8.1159798656/pythonFiles/completion.py:590: DeprecationWarning: Deprecated since version 0.17.0. Use the project API instead, which means Script(project=Project(dir, sys_path=sys_path)) instead.
  script = jedi.Script(
/home/qtile/.vscode-oss/extensions/ms-python.python-2021.8.1159798656/pythonFiles/completion.py:601: DeprecationWarning: Deprecated since version 0.16.0. Use Script(...).goto instead.
  script.goto_assignments(follow_imports=True), request["id"]

Error 2021-09-09 13:05:05: stderr jediProxy Error (stderr) /home/qtile/.vscode-oss/extensions/ms-python.python-2021.8.1159798656/pythonFiles/completion.py:624: DeprecationWarning: Deprecated since version 0.16.0. Use Script(...).infer instead.
  script.goto_definitions(), request["id"]

Error 2021-09-09 13:05:27: stderr jediProxy Error (stderr) /home/qtile/.vscode-oss/extensions/ms-python.python-2021.8.1159798656/pythonFiles/completion.py:590: DeprecationWarning: Providing the line is now done in the functions themselves like `Script(...).complete(line, column)`
  script = jedi.Script(
/home/qtile/.vscode-oss/extensions/ms-python.python-2021.8.1159798656/pythonFiles/completion.py:590: DeprecationWarning: Providing the column is now done in the functions themselves like `Script(...).complete(line, column)`
  script = jedi.Script(
/home/qtile/.vscode-oss/extensions/ms-python.python-2021.8.1159798656/pythonFiles/completion.py:590: DeprecationWarning: Deprecated since version 0.17.0. Use the project API instead, which means Script(project=Project(dir, sys_path=sys_path)) instead.
  script = jedi.Script(
/home/qtile/.vscode-oss/extensions/ms-python.python-2021.8.1159798656/pythonFiles/completion.py:624: DeprecationWarning: Deprecated since version 0.16.0. Use Script(...).infer instead.
  script.goto_definitions(), request["id"]

Error 2021-09-09 13:05:28: stderr jediProxy Error (stderr) /home/qtile/.vscode-oss/extensions/ms-python.python-2021.8.1159798656/pythonFiles/completion.py:590: DeprecationWarning: Providing the line is now done in the functions themselves like `Script(...).complete(line, column)`
  script = jedi.Script(
/home/qtile/.vscode-oss/extensions/ms-python.python-2021.8.1159798656/pythonFiles/completion.py:590: DeprecationWarning: Providing the column is now done in the functions themselves like `Script(...).complete(line, column)`
  script = jedi.Script(
/home/qtile/.vscode-oss/extensions/ms-python.python-2021.8.1159798656/pythonFiles/completion.py:590: DeprecationWarning: Deprecated since version 0.17.0. Use the project API instead, which means Script(project=Project(dir, sys_path=sys_path)) instead.
  script = jedi.Script(
/home/qtile/.vscode-oss/extensions/ms-python.python-2021.8.1159798656/pythonFiles/completion.py:624: DeprecationWarning: Deprecated since version 0.16.0. Use Script(...).infer instead.
  script.goto_definitions(), request["id"]
/home/qtile/.vscode-oss/extensions/ms-python.python-2021.8.1159798656/pythonFiles/completion.py:601: DeprecationWarning: Deprecated since version 0.16.0. Use Script(...).goto instead.
  script.goto_assignments(follow_imports=True), request["id"]

Error 2021-09-09 13:05:28: stderr jediProxy Error (stderr) /home/qtile/.vscode-oss/extensions/ms-python.python-2021.8.1159798656/pythonFiles/completion.py:590: DeprecationWarning: Providing the line is now done in the functions themselves like `Script(...).complete(line, column)`
  script = jedi.Script(
/home/qtile/.vscode-oss/extensions/ms-python.python-2021.8.1159798656/pythonFiles/completion.py:590: DeprecationWarning: Providing the column is now done in the functions themselves like `Script(...).complete(line, column)`
  script = jedi.Script(

Error 2021-09-09 13:05:28: stderr jediProxy Error (stderr) /home/qtile/.vscode-oss/extensions/ms-python.python-2021.8.1159798656/pythonFiles/completion.py:590: DeprecationWarning: Deprecated since version 0.17.0. Use the project API instead, which means Script(project=Project(dir, sys_path=sys_path)) instead.
  script = jedi.Script(

Error 2021-09-09 13:05:28: stderr jediProxy Error (stderr) /home/qtile/.vscode-oss/extensions/ms-python.python-2021.8.1159798656/pythonFiles/completion.py:624: DeprecationWarning: Deprecated since version 0.16.0. Use Script(...).infer instead.
  script.goto_definitions(), request["id"]

Error 2021-09-09 13:05:28: stderr jediProxy Error (stderr) /home/qtile/.vscode-oss/extensions/ms-python.python-2021.8.1159798656/pythonFiles/completion.py:590: DeprecationWarning: Providing the line is now done in the functions themselves like `Script(...).complete(line, column)`
  script = jedi.Script(

Error 2021-09-09 13:05:28: stderr jediProxy Error (stderr) /home/qtile/.vscode-oss/extensions/ms-python.python-2021.8.1159798656/pythonFiles/completion.py:590: DeprecationWarning: Providing the column is now done in the functions themselves like `Script(...).complete(line, column)`
  script = jedi.Script(
/home/qtile/.vscode-oss/extensions/ms-python.python-2021.8.1159798656/pythonFiles/completion.py:590: DeprecationWarning: Deprecated since version 0.17.0. Use the project API instead, which means Script(project=Project(dir, sys_path=sys_path)) instead.
  script = jedi.Script(

Error 2021-09-09 13:05:28: stderr jediProxy Error (stderr) /home/qtile/.vscode-oss/extensions/ms-python.python-2021.8.1159798656/pythonFiles/completion.py:601: DeprecationWarning: Deprecated since version 0.16.0. Use Script(...).goto instead.
  script.goto_assignments(follow_imports=True), request["id"]

Error 2021-09-09 13:05:28: stderr jediProxy Error (stderr) /home/qtile/.vscode-oss/extensions/ms-python.python-2021.8.1159798656/pythonFiles/completion.py:590: DeprecationWarning: Providing the line is now done in the functions themselves like `Script(...).complete(line, column)`
  script = jedi.Script(

Error 2021-09-09 13:05:28: stderr jediProxy Error (stderr) /home/qtile/.vscode-oss/extensions/ms-python.python-2021.8.1159798656/pythonFiles/completion.py:590: DeprecationWarning: Providing the column is now done in the functions themselves like `Script(...).complete(line, column)`
  script = jedi.Script(
/home/qtile/.vscode-oss/extensions/ms-python.python-2021.8.1159798656/pythonFiles/completion.py:590: DeprecationWarning: Deprecated since version 0.17.0. Use the project API instead, which means Script(project=Project(dir, sys_path=sys_path)) instead.
  script = jedi.Script(

Error 2021-09-09 13:05:28: stderr jediProxy Error (stderr) /home/qtile/.vscode-oss/extensions/ms-python.python-2021.8.1159798656/pythonFiles/completion.py:624: DeprecationWarning: Deprecated since version 0.16.0. Use Script(...).infer instead.
  script.goto_definitions(), request["id"]

Error 2021-09-09 13:05:28: stderr jediProxy Error (stderr) /home/qtile/.vscode-oss/extensions/ms-python.python-2021.8.1159798656/pythonFiles/completion.py:601: DeprecationWarning: Deprecated since version 0.16.0. Use Script(...).goto instead.
  script.goto_assignments(follow_imports=True), request["id"]

Error 2021-09-09 13:05:31: stderr jediProxy Error (stderr) /home/qtile/.vscode-oss/extensions/ms-python.python-2021.8.1159798656/pythonFiles/completion.py:590: DeprecationWarning: Providing the line is now done in the functions themselves like `Script(...).complete(line, column)`
  script = jedi.Script(
/home/qtile/.vscode-oss/extensions/ms-python.python-2021.8.1159798656/pythonFiles/completion.py:590: DeprecationWarning: Providing the column is now done in the functions themselves like `Script(...).complete(line, column)`
  script = jedi.Script(

Error 2021-09-09 13:05:31: stderr jediProxy Error (stderr) /home/qtile/.vscode-oss/extensions/ms-python.python-2021.8.1159798656/pythonFiles/completion.py:590: DeprecationWarning: Deprecated since version 0.17.0. Use the project API instead, which means Script(project=Project(dir, sys_path=sys_path)) instead.
  script = jedi.Script(

Error 2021-09-09 13:05:31: stderr jediProxy Error (stderr) /home/qtile/.vscode-oss/extensions/ms-python.python-2021.8.1159798656/pythonFiles/completion.py:624: DeprecationWarning: Deprecated since version 0.16.0. Use Script(...).infer instead.
  script.goto_definitions(), request["id"]

Error 2021-09-09 13:05:31: stderr jediProxy Error (stderr) /home/qtile/.vscode-oss/extensions/ms-python.python-2021.8.1159798656/pythonFiles/completion.py:590: DeprecationWarning: Providing the line is now done in the functions themselves like `Script(...).complete(line, column)`
  script = jedi.Script(
/home/qtile/.vscode-oss/extensions/ms-python.python-2021.8.1159798656/pythonFiles/completion.py:590: DeprecationWarning: Providing the column is now done in the functions themselves like `Script(...).complete(line, column)`
  script = jedi.Script(

Error 2021-09-09 13:05:31: stderr jediProxy Error (stderr) /home/qtile/.vscode-oss/extensions/ms-python.python-2021.8.1159798656/pythonFiles/completion.py:590: DeprecationWarning: Deprecated since version 0.17.0. Use the project API instead, which means Script(project=Project(dir, sys_path=sys_path)) instead.
  script = jedi.Script(

Error 2021-09-09 13:05:31: stderr jediProxy Error (stderr) /home/qtile/.vscode-oss/extensions/ms-python.python-2021.8.1159798656/pythonFiles/completion.py:601: DeprecationWarning: Deprecated since version 0.16.0. Use Script(...).goto instead.
  script.goto_assignments(follow_imports=True), request["id"]

Error 2021-09-09 13:05:39: stderr jediProxy Error (stderr) /home/qtile/.vscode-oss/extensions/ms-python.python-2021.8.1159798656/pythonFiles/completion.py:590: DeprecationWarning: Providing the line is now done in the functions themselves like `Script(...).complete(line, column)`
  script = jedi.Script(
/home/qtile/.vscode-oss/extensions/ms-python.python-2021.8.1159798656/pythonFiles/completion.py:590: DeprecationWarning: Providing the column is now done in the functions themselves like `Script(...).complete(line, column)`
  script = jedi.Script(
/home/qtile/.vscode-oss/extensions/ms-python.python-2021.8.1159798656/pythonFiles/completion.py:590: DeprecationWarning: Deprecated since version 0.17.0. Use the project API instead, which means Script(project=Project(dir, sys_path=sys_path)) instead.
  script = jedi.Script(
/home/qtile/.vscode-oss/extensions/ms-python.python-2021.8.1159798656/pythonFiles/completion.py:624: DeprecationWarning: Deprecated since version 0.16.0. Use Script(...).infer instead.
  script.goto_definitions(), request["id"]
/home/qtile/.vscode-oss/extensions/ms-python.python-2021.8.1159798656/pythonFiles/completion.py:601: DeprecationWarning: Deprecated since version 0.16.0. Use Script(...).goto instead.
  script.goto_assignments(follow_imports=True), request["id"]

Error 2021-09-09 13:07:27: stderr jediProxy Error (stderr) /home/qtile/.vscode-oss/extensions/ms-python.python-2021.8.1159798656/pythonFiles/completion.py:590: DeprecationWarning: Providing the line is now done in the functions themselves like `Script(...).complete(line, column)`
  script = jedi.Script(

Error 2021-09-09 13:07:27: stderr jediProxy Error (stderr) /home/qtile/.vscode-oss/extensions/ms-python.python-2021.8.1159798656/pythonFiles/completion.py:590: DeprecationWarning: Providing the column is now done in the functions themselves like `Script(...).complete(line, column)`
  script = jedi.Script(
/home/qtile/.vscode-oss/extensions/ms-python.python-2021.8.1159798656/pythonFiles/completion.py:590: DeprecationWarning: Deprecated since version 0.17.0. Use the project API instead, which means Script(project=Project(dir, sys_path=sys_path)) instead.
  script = jedi.Script(

Error 2021-09-09 13:07:27: stderr jediProxy Error (stderr) /home/qtile/.vscode-oss/extensions/ms-python.python-2021.8.1159798656/pythonFiles/completion.py:624: DeprecationWarning: Deprecated since version 0.16.0. Use Script(...).infer instead.
  script.goto_definitions(), request["id"]

Error 2021-09-09 13:07:27: stderr jediProxy Error (stderr) /home/qtile/.vscode-oss/extensions/ms-python.python-2021.8.1159798656/pythonFiles/completion.py:601: DeprecationWarning: Deprecated since version 0.16.0. Use Script(...).goto instead.
  script.goto_assignments(follow_imports=True), request["id"]

Error 2021-09-09 13:07:35: stderr jediProxy Error (stderr) /home/qtile/.vscode-oss/extensions/ms-python.python-2021.8.1159798656/pythonFiles/completion.py:590: DeprecationWarning: Providing the line is now done in the functions themselves like `Script(...).complete(line, column)`
  script = jedi.Script(
/home/qtile/.vscode-oss/extensions/ms-python.python-2021.8.1159798656/pythonFiles/completion.py:590: DeprecationWarning: Providing the column is now done in the functions themselves like `Script(...).complete(line, column)`
  script = jedi.Script(

Error 2021-09-09 13:07:35: stderr jediProxy Error (stderr) /home/qtile/.vscode-oss/extensions/ms-python.python-2021.8.1159798656/pythonFiles/completion.py:590: DeprecationWarning: Deprecated since version 0.17.0. Use the project API instead, which means Script(project=Project(dir, sys_path=sys_path)) instead.
  script = jedi.Script(

Error 2021-09-09 13:07:35: stderr jediProxy Error (stderr) /home/qtile/.vscode-oss/extensions/ms-python.python-2021.8.1159798656/pythonFiles/completion.py:624: DeprecationWarning: Deprecated since version 0.16.0. Use Script(...).infer instead.
  script.goto_definitions(), request["id"]

Error 2021-09-09 13:08:08: stderr jediProxy Error (stderr) /home/qtile/.vscode-oss/extensions/ms-python.python-2021.8.1159798656/pythonFiles/completion.py:590: DeprecationWarning: Providing the line is now done in the functions themselves like `Script(...).complete(line, column)`
  script = jedi.Script(
/home/qtile/.vscode-oss/extensions/ms-python.python-2021.8.1159798656/pythonFiles/completion.py:590: DeprecationWarning: Providing the column is now done in the functions themselves like `Script(...).complete(line, column)`
  script = jedi.Script(

Error 2021-09-09 13:08:08: stderr jediProxy Error (stderr) /home/qtile/.vscode-oss/extensions/ms-python.python-2021.8.1159798656/pythonFiles/completion.py:590: DeprecationWarning: Deprecated since version 0.17.0. Use the project API instead, which means Script(project=Project(dir, sys_path=sys_path)) instead.
  script = jedi.Script(

Error 2021-09-09 13:08:08: stderr jediProxy Error (stderr) /home/qtile/.vscode-oss/extensions/ms-python.python-2021.8.1159798656/pythonFiles/completion.py:624: DeprecationWarning: Deprecated since version 0.16.0. Use Script(...).infer instead.
  script.goto_definitions(), request["id"]

Error 2021-09-09 13:08:29: stderr jediProxy Error (stderr) /home/qtile/.vscode-oss/extensions/ms-python.python-2021.8.1159798656/pythonFiles/completion.py:601: DeprecationWarning: Deprecated since version 0.16.0. Use Script(...).goto instead.
  script.goto_assignments(follow_imports=True), request["id"]

Error 2021-09-09 13:08:32: stderr jediProxy Error (stderr) /home/qtile/.vscode-oss/extensions/ms-python.python-2021.8.1159798656/pythonFiles/completion.py:590: DeprecationWarning: Providing the line is now done in the functions themselves like `Script(...).complete(line, column)`
  script = jedi.Script(
/home/qtile/.vscode-oss/extensions/ms-python.python-2021.8.1159798656/pythonFiles/completion.py:590: DeprecationWarning: Providing the column is now done in the functions themselves like `Script(...).complete(line, column)`
  script = jedi.Script(

Error 2021-09-09 13:08:32: stderr jediProxy Error (stderr) /home/qtile/.vscode-oss/extensions/ms-python.python-2021.8.1159798656/pythonFiles/completion.py:590: DeprecationWarning: Deprecated since version 0.17.0. Use the project API instead, which means Script(project=Project(dir, sys_path=sys_path)) instead.
  script = jedi.Script(

Error 2021-09-09 13:08:32: stderr jediProxy Error (stderr) /home/qtile/.vscode-oss/extensions/ms-python.python-2021.8.1159798656/pythonFiles/completion.py:601: DeprecationWarning: Deprecated since version 0.16.0. Use Script(...).goto instead.
  script.goto_assignments(follow_imports=True), request["id"]

Error 2021-09-09 13:08:32: stderr jediProxy Error (stderr) /home/qtile/.vscode-oss/extensions/ms-python.python-2021.8.1159798656/pythonFiles/completion.py:624: DeprecationWarning: Deprecated since version 0.16.0. Use Script(...).infer instead.
  script.goto_definitions(), request["id"]

> /usr/bin/python -m pylint --disable=all --enable=F,unreachable,duplicate-key,unnecessary-semicolon,global-variable-not-assigned,unused-variable,unused-wildcard-import,binary-op-exception,bad-format-string,anomalous-backslash-in-string,bad-open-mode,E0001,E0011,E0012,E0100,E0101,E0102,E0103,E0104,E0105,E0107,E0108,E0110,E0111,E0112,E0113,E0114,E0115,E0116,E0117,E0118,E0202,E0203,E0211,E0213,E0236,E0237,E0238,E0239,E0240,E0241,E0301,E0302,E0303,E0401,E0402,E0601,E0602,E0603,E0604,E0611,E0632,E0633,E0701,E0702,E0703,E0704,E0710,E0711,E0712,E1003,E1101,E1102,E1111,E1120,E1121,E1123,E1124,E1125,E1126,E1127,E1128,E1129,E1130,E1131,E1132,E1133,E1134,E1135,E1136,E1137,E1138,E1139,E1200,E1201,E1205,E1206,E1300,E1301,E1302,E1303,E1304,E1305,E1306,E1310,E1700,E1701 --msg-template='{line},{column},{category},{symbol}:{msg}' --reports=n --output-format=text ~/.vscode-oss/extensions/ms-python.python-2021.8.1159798656/pythonFiles/lib/python/jedi/third_party/typeshed/stdlib/2and3/builtins.pyi
cwd: ~/.vscode-oss/extensions/ms-python.python-2021.8.1159798656/pythonFiles/lib/python/jedi/third_party/typeshed/stdlib/2and3
> /usr/bin/python -m pylint --disable=all --enable=F,unreachable,duplicate-key,unnecessary-semicolon,global-variable-not-assigned,unused-variable,unused-wildcard-import,binary-op-exception,bad-format-string,anomalous-backslash-in-string,bad-open-mode,E0001,E0011,E0012,E0100,E0101,E0102,E0103,E0104,E0105,E0107,E0108,E0110,E0111,E0112,E0113,E0114,E0115,E0116,E0117,E0118,E0202,E0203,E0211,E0213,E0236,E0237,E0238,E0239,E0240,E0241,E0301,E0302,E0303,E0401,E0402,E0601,E0602,E0603,E0604,E0611,E0632,E0633,E0701,E0702,E0703,E0704,E0710,E0711,E0712,E1003,E1101,E1102,E1111,E1120,E1121,E1123,E1124,E1125,E1126,E1127,E1128,E1129,E1130,E1131,E1132,E1133,E1134,E1135,E1136,E1137,E1138,E1139,E1200,E1201,E1205,E1206,E1300,E1301,E1302,E1303,E1304,E1305,E1306,E1310,E1700,E1701 --msg-template='{line},{column},{category},{symbol}:{msg}' --reports=n --output-format=text ~/.vscode-oss/extensions/ms-python.python-2021.8.1159798656/pythonFiles/lib/python/jedi/third_party/typeshed/stdlib/2and3/builtins.pyi
cwd: ~/.vscode-oss/extensions/ms-python.python-2021.8.1159798656/pythonFiles/lib/python/jedi/third_party/typeshed/stdlib/2and3
##########Linting Output - pylint##########
> /usr/bin/python -m pylint --disable=all --enable=F,unreachable,duplicate-key,unnecessary-semicolon,global-variable-not-assigned,unused-variable,unused-wildcard-import,binary-op-exception,bad-format-string,anomalous-backslash-in-string,bad-open-mode,E0001,E0011,E0012,E0100,E0101,E0102,E0103,E0104,E0105,E0107,E0108,E0110,E0111,E0112,E0113,E0114,E0115,E0116,E0117,E0118,E0202,E0203,E0211,E0213,E0236,E0237,E0238,E0239,E0240,E0241,E0301,E0302,E0303,E0401,E0402,E0601,E0602,E0603,E0604,E0611,E0632,E0633,E0701,E0702,E0703,E0704,E0710,E0711,E0712,E1003,E1101,E1102,E1111,E1120,E1121,E1123,E1124,E1125,E1126,E1127,E1128,E1129,E1130,E1131,E1132,E1133,E1134,E1135,E1136,E1137,E1138,E1139,E1200,E1201,E1205,E1206,E1300,E1301,E1302,E1303,E1304,E1305,E1306,E1310,E1700,E1701 --msg-template='{line},{column},{category},{symbol}:{msg}' --reports=n --output-format=text ~/.vscode-oss/extensions/ms-python.python-2021.8.1159798656/pythonFiles/lib/python/jedi/third_party/typeshed/stdlib/2and3/builtins.pyi
cwd: ~/.vscode-oss/extensions/ms-python.python-2021.8.1159798656/pythonFiles/lib/python/jedi/third_party/typeshed/stdlib/2and3
> /usr/bin/python -m pylint --disable=all --enable=F,unreachable,duplicate-key,unnecessary-semicolon,global-variable-not-assigned,unused-variable,unused-wildcard-import,binary-op-exception,bad-format-string,anomalous-backslash-in-string,bad-open-mode,E0001,E0011,E0012,E0100,E0101,E0102,E0103,E0104,E0105,E0107,E0108,E0110,E0111,E0112,E0113,E0114,E0115,E0116,E0117,E0118,E0202,E0203,E0211,E0213,E0236,E0237,E0238,E0239,E0240,E0241,E0301,E0302,E0303,E0401,E0402,E0601,E0602,E0603,E0604,E0611,E0632,E0633,E0701,E0702,E0703,E0704,E0710,E0711,E0712,E1003,E1101,E1102,E1111,E1120,E1121,E1123,E1124,E1125,E1126,E1127,E1128,E1129,E1130,E1131,E1132,E1133,E1134,E1135,E1136,E1137,E1138,E1139,E1200,E1201,E1205,E1206,E1300,E1301,E1302,E1303,E1304,E1305,E1306,E1310,E1700,E1701 --msg-template='{line},{column},{category},{symbol}:{msg}' --reports=n --output-format=text ~/.vscode-oss/extensions/ms-python.python-2021.8.1159798656/pythonFiles/lib/python/jedi/third_party/typeshed/stdlib/2and3/builtins.pyi
cwd: ~/.vscode-oss/extensions/ms-python.python-2021.8.1159798656/pythonFiles/lib/python/jedi/third_party/typeshed/stdlib/2and3
##########Linting Output - pylint##########
************* Module builtins
38,27,error,used-before-assignment:Using variable 'int' before assignment
Exception on node <ClassDef.object l.40 at 0x7f23be36a0a0> in file '/home/qtile/.vscode-oss/extensions/ms-python.python-2021.8.1159798656/pythonFiles/lib/python/jedi/third_party/typeshed/stdlib/2and3/builtins.pyi'
1,0,fatal,astroid-error:/home/qtile/.vscode-oss/extensions/ms-python.python-2021.8.1159798656/pythonFiles/lib/python/jedi/third_party/typeshed/stdlib/2and3/builtins.pyi: Fatal error while checking '/home/qtile/.vscode-oss/extensions/ms-python.python-2021.8.1159798656/pythonFiles/lib/python/jedi/third_party/typeshed/stdlib/2and3/builtins.pyi'. Please open an issue in our bug tracker so we address this. There is a pre-filled template that you can use in '/home/qtile/.cache/pylint/pylint-crash-2021-09-09-13.txt'.

-----------------------------------
Your code has been rated at 8.00/10

