[2021-09-09 12:54:43.599] [renderer1] [error] EACCES: permission denied, open '/usr/share/vscodium-bin/resources/app/extensions/json-language-features/package.json': Error: EACCES: permission denied, open '/usr/share/vscodium-bin/resources/app/extensions/json-language-features/package.json'
[2021-09-09 12:54:43.601] [renderer1] [error] EACCES: permission denied, open '/usr/share/vscodium-bin/resources/app/extensions/json/package.json': Error: EACCES: permission denied, open '/usr/share/vscodium-bin/resources/app/extensions/json/package.json'
[2021-09-09 12:54:43.602] [renderer1] [error] EACCES: permission denied, open '/usr/share/vscodium-bin/resources/app/extensions/html-language-features/package.json': Error: EACCES: permission denied, open '/usr/share/vscodium-bin/resources/app/extensions/html-language-features/package.json'
[2021-09-09 12:54:43.603] [renderer1] [error] EACCES: permission denied, open '/usr/share/vscodium-bin/resources/app/extensions/yaml/package.json': Error: EACCES: permission denied, open '/usr/share/vscodium-bin/resources/app/extensions/yaml/package.json'
[2021-09-09 12:54:43.604] [renderer1] [error] EACCES: permission denied, open '/usr/share/vscodium-bin/resources/app/extensions/cpp/package.json': Error: EACCES: permission denied, open '/usr/share/vscodium-bin/resources/app/extensions/cpp/package.json'
[2021-09-09 12:54:43.606] [renderer1] [error] EACCES: permission denied, open '/usr/share/vscodium-bin/resources/app/extensions/html/package.json': Error: EACCES: permission denied, open '/usr/share/vscodium-bin/resources/app/extensions/html/package.json'
[2021-09-09 12:54:43.609] [renderer1] [error] EACCES: permission denied, open '/usr/share/vscodium-bin/resources/app/extensions/css/package.json': Error: EACCES: permission denied, open '/usr/share/vscodium-bin/resources/app/extensions/css/package.json'
[2021-09-09 12:54:43.611] [renderer1] [error] EACCES: permission denied, open '/usr/share/vscodium-bin/resources/app/extensions/docker/package.json': Error: EACCES: permission denied, open '/usr/share/vscodium-bin/resources/app/extensions/docker/package.json'
[2021-09-09 12:54:43.611] [renderer1] [error] EACCES: permission denied, open '/usr/share/vscodium-bin/resources/app/extensions/markdown-basics/package.json': Error: EACCES: permission denied, open '/usr/share/vscodium-bin/resources/app/extensions/markdown-basics/package.json'
[2021-09-09 12:54:43.612] [renderer1] [error] EACCES: permission denied, open '/usr/share/vscodium-bin/resources/app/extensions/javascript/package.json': Error: EACCES: permission denied, open '/usr/share/vscodium-bin/resources/app/extensions/javascript/package.json'
[2021-09-09 12:54:43.615] [renderer1] [error] EACCES: permission denied, open '/usr/share/vscodium-bin/resources/app/extensions/log/package.json': Error: EACCES: permission denied, open '/usr/share/vscodium-bin/resources/app/extensions/log/package.json'
[2021-09-09 12:54:43.616] [renderer1] [error] EACCES: permission denied, open '/usr/share/vscodium-bin/resources/app/extensions/java/package.json': Error: EACCES: permission denied, open '/usr/share/vscodium-bin/resources/app/extensions/java/package.json'
[2021-09-09 12:54:43.617] [renderer1] [error] EACCES: permission denied, open '/usr/share/vscodium-bin/resources/app/extensions/configuration-editing/package.json': Error: EACCES: permission denied, open '/usr/share/vscodium-bin/resources/app/extensions/configuration-editing/package.json'
[2021-09-09 12:54:43.618] [renderer1] [error] EACCES: permission denied, open '/usr/share/vscodium-bin/resources/app/extensions/debug-auto-launch/package.json': Error: EACCES: permission denied, open '/usr/share/vscodium-bin/resources/app/extensions/debug-auto-launch/package.json'
[2021-09-09 12:54:43.619] [renderer1] [error] EACCES: permission denied, open '/usr/share/vscodium-bin/resources/app/extensions/make/package.json': Error: EACCES: permission denied, open '/usr/share/vscodium-bin/resources/app/extensions/make/package.json'
[2021-09-09 12:54:43.620] [renderer1] [error] EACCES: permission denied, open '/usr/share/vscodium-bin/resources/app/extensions/less/package.json': Error: EACCES: permission denied, open '/usr/share/vscodium-bin/resources/app/extensions/less/package.json'
[2021-09-09 12:54:43.621] [renderer1] [error] EACCES: permission denied, open '/usr/share/vscodium-bin/resources/app/extensions/handlebars/package.json': Error: EACCES: permission denied, open '/usr/share/vscodium-bin/resources/app/extensions/handlebars/package.json'
[2021-09-09 12:54:43.628] [renderer1] [error] EACCES: permission denied, open '/usr/share/vscodium-bin/resources/app/extensions/go/package.json': Error: EACCES: permission denied, open '/usr/share/vscodium-bin/resources/app/extensions/go/package.json'
[2021-09-09 12:54:43.628] [renderer1] [error] EACCES: permission denied, open '/usr/share/vscodium-bin/resources/app/extensions/bat/package.json': Error: EACCES: permission denied, open '/usr/share/vscodium-bin/resources/app/extensions/bat/package.json'
[2021-09-09 12:54:43.629] [renderer1] [error] EACCES: permission denied, open '/usr/share/vscodium-bin/resources/app/extensions/clojure/package.json': Error: EACCES: permission denied, open '/usr/share/vscodium-bin/resources/app/extensions/clojure/package.json'
[2021-09-09 12:54:43.629] [renderer1] [error] EACCES: permission denied, open '/usr/share/vscodium-bin/resources/app/extensions/coffeescript/package.json': Error: EACCES: permission denied, open '/usr/share/vscodium-bin/resources/app/extensions/coffeescript/package.json'
[2021-09-09 12:54:43.632] [renderer1] [error] EACCES: permission denied, open '/usr/share/vscodium-bin/resources/app/extensions/groovy/package.json': Error: EACCES: permission denied, open '/usr/share/vscodium-bin/resources/app/extensions/groovy/package.json'
[2021-09-09 12:54:43.632] [renderer1] [error] EACCES: permission denied, open '/usr/share/vscodium-bin/resources/app/extensions/emmet/package.json': Error: EACCES: permission denied, open '/usr/share/vscodium-bin/resources/app/extensions/emmet/package.json'
[2021-09-09 12:54:43.633] [renderer1] [error] EACCES: permission denied, open '/usr/share/vscodium-bin/resources/app/extensions/grunt/package.json': Error: EACCES: permission denied, open '/usr/share/vscodium-bin/resources/app/extensions/grunt/package.json'
[2021-09-09 12:54:43.633] [renderer1] [error] EACCES: permission denied, open '/usr/share/vscodium-bin/resources/app/extensions/gulp/package.json': Error: EACCES: permission denied, open '/usr/share/vscodium-bin/resources/app/extensions/gulp/package.json'
[2021-09-09 12:54:43.633] [renderer1] [error] EACCES: permission denied, open '/usr/share/vscodium-bin/resources/app/extensions/jake/package.json': Error: EACCES: permission denied, open '/usr/share/vscodium-bin/resources/app/extensions/jake/package.json'
[2021-09-09 12:54:43.634] [renderer1] [error] EACCES: permission denied, open '/usr/share/vscodium-bin/resources/app/extensions/shellscript/package.json': Error: EACCES: permission denied, open '/usr/share/vscodium-bin/resources/app/extensions/shellscript/package.json'
[2021-09-09 12:54:43.634] [renderer1] [error] EACCES: permission denied, open '/usr/share/vscodium-bin/resources/app/extensions/xml/package.json': Error: EACCES: permission denied, open '/usr/share/vscodium-bin/resources/app/extensions/xml/package.json'
[2021-09-09 12:54:43.635] [renderer1] [error] EACCES: permission denied, open '/usr/share/vscodium-bin/resources/app/extensions/ini/package.json': Error: EACCES: permission denied, open '/usr/share/vscodium-bin/resources/app/extensions/ini/package.json'
[2021-09-09 12:54:43.635] [renderer1] [error] EACCES: permission denied, open '/usr/share/vscodium-bin/resources/app/extensions/python/package.json': Error: EACCES: permission denied, open '/usr/share/vscodium-bin/resources/app/extensions/python/package.json'
[2021-09-09 12:54:43.636] [renderer1] [error] EACCES: permission denied, open '/usr/share/vscodium-bin/resources/app/extensions/csharp/package.json': Error: EACCES: permission denied, open '/usr/share/vscodium-bin/resources/app/extensions/csharp/package.json'
[2021-09-09 12:54:43.636] [renderer1] [error] EACCES: permission denied, open '/usr/share/vscodium-bin/resources/app/extensions/lua/package.json': Error: EACCES: permission denied, open '/usr/share/vscodium-bin/resources/app/extensions/lua/package.json'
[2021-09-09 12:54:43.637] [renderer1] [error] EACCES: permission denied, open '/usr/share/vscodium-bin/resources/app/extensions/fsharp/package.json': Error: EACCES: permission denied, open '/usr/share/vscodium-bin/resources/app/extensions/fsharp/package.json'
[2021-09-09 12:54:43.639] [renderer1] [error] EACCES: permission denied, open '/usr/share/vscodium-bin/resources/app/extensions/hlsl/package.json': Error: EACCES: permission denied, open '/usr/share/vscodium-bin/resources/app/extensions/hlsl/package.json'
[2021-09-09 12:54:43.646] [renderer1] [error] EACCES: permission denied, open '/usr/share/vscodium-bin/resources/app/extensions/typescript-basics/package.json': Error: EACCES: permission denied, open '/usr/share/vscodium-bin/resources/app/extensions/typescript-basics/package.json'
[2021-09-09 12:54:43.648] [renderer1] [error] EACCES: permission denied, open '/usr/share/vscodium-bin/resources/app/extensions/merge-conflict/package.json': Error: EACCES: permission denied, open '/usr/share/vscodium-bin/resources/app/extensions/merge-conflict/package.json'
[2021-09-09 12:54:43.651] [renderer1] [error] EACCES: permission denied, open '/usr/share/vscodium-bin/resources/app/extensions/typescript-language-features/package.json': Error: EACCES: permission denied, open '/usr/share/vscodium-bin/resources/app/extensions/typescript-language-features/package.json'
[2021-09-09 12:54:43.652] [renderer1] [error] EACCES: permission denied, open '/usr/share/vscodium-bin/resources/app/extensions/theme-monokai/package.json': Error: EACCES: permission denied, open '/usr/share/vscodium-bin/resources/app/extensions/theme-monokai/package.json'
[2021-09-09 12:54:43.653] [renderer1] [error] EACCES: permission denied, open '/usr/share/vscodium-bin/resources/app/extensions/sql/package.json': Error: EACCES: permission denied, open '/usr/share/vscodium-bin/resources/app/extensions/sql/package.json'
[2021-09-09 12:54:43.653] [renderer1] [error] EACCES: permission denied, open '/usr/share/vscodium-bin/resources/app/extensions/theme-solarized-dark/package.json': Error: EACCES: permission denied, open '/usr/share/vscodium-bin/resources/app/extensions/theme-solarized-dark/package.json'
[2021-09-09 12:54:43.659] [renderer1] [error] EACCES: permission denied, open '/usr/share/vscodium-bin/resources/app/extensions/powershell/package.json': Error: EACCES: permission denied, open '/usr/share/vscodium-bin/resources/app/extensions/powershell/package.json'
[2021-09-09 12:54:43.661] [renderer1] [error] EACCES: permission denied, open '/usr/share/vscodium-bin/resources/app/extensions/theme-defaults/package.json': Error: EACCES: permission denied, open '/usr/share/vscodium-bin/resources/app/extensions/theme-defaults/package.json'
[2021-09-09 12:54:43.662] [renderer1] [error] EACCES: permission denied, open '/usr/share/vscodium-bin/resources/app/extensions/theme-quietlight/package.json': Error: EACCES: permission denied, open '/usr/share/vscodium-bin/resources/app/extensions/theme-quietlight/package.json'
[2021-09-09 12:54:44.200] [renderer1] [error] EACCES: permission denied, open '/usr/share/vscodium-bin/resources/app/extensions/python/package.json': Error: EACCES: permission denied, open '/usr/share/vscodium-bin/resources/app/extensions/python/package.json'
[2021-09-09 12:54:49.058] [renderer1] [error] ["incompatible: Can't install 'ms-toolsai.jupyter' extension because it is not compatible with the current version of VS Code (version 1.60.0).","    at O.checkAndGetCompatibleVersion (file:///usr/share/vscodium-bin/resources/app/out/vs/code/electron-browser/sharedProcess/sharedProcessMain.js:48:11745)","    at async l (file:///usr/share/vscodium-bin/resources/app/out/vs/code/electron-browser/sharedProcess/sharedProcessMain.js:48:10947)","    at async O.getAllDepsAndPackExtensionsToInstall (file:///usr/share/vscodium-bin/resources/app/out/vs/code/electron-browser/sharedProcess/sharedProcessMain.js:48:11256)","    at async O.installExtension (file:///usr/share/vscodium-bin/resources/app/out/vs/code/electron-browser/sharedProcess/sharedProcessMain.js:48:5785)"]
[2021-09-09 12:54:49.131] [renderer1] [error] Can't install 'ms-toolsai.jupyter' extension because it is not compatible with the current version of VS Code (version 1.60.0).: incompatible: Can't install 'ms-toolsai.jupyter' extension because it is not compatible with the current version of VS Code (version 1.60.0).
    at O.checkAndGetCompatibleVersion (file:///usr/share/vscodium-bin/resources/app/out/vs/code/electron-browser/sharedProcess/sharedProcessMain.js:48:11745)
    at async l (file:///usr/share/vscodium-bin/resources/app/out/vs/code/electron-browser/sharedProcess/sharedProcessMain.js:48:10947)
    at async O.getAllDepsAndPackExtensionsToInstall (file:///usr/share/vscodium-bin/resources/app/out/vs/code/electron-browser/sharedProcess/sharedProcessMain.js:48:11256)
    at async O.installExtension (file:///usr/share/vscodium-bin/resources/app/out/vs/code/electron-browser/sharedProcess/sharedProcessMain.js:48:5785)
[2021-09-09 12:57:18.921] [renderer1] [error] Error: Unable to read file '/usr/share/vscodium-bin/resources/app/out/vs/code/electron-browser/sharedProcess/sharedProcessMain.js:48:11745' (Error: Unable to resolve non-existing file '/usr/share/vscodium-bin/resources/app/out/vs/code/electron-browser/sharedProcess/sharedProcessMain.js:48:11745')
    at i.handleSetInputError (file:///usr/share/vscodium-bin/resources/app/out/vs/workbench/workbench.desktop.main.js:2385:172185)
    at i.handleSetInputError (file:///usr/share/vscodium-bin/resources/app/out/vs/workbench/workbench.desktop.main.js:2385:176202)
    at i.setInput (file:///usr/share/vscodium-bin/resources/app/out/vs/workbench/workbench.desktop.main.js:2385:171879)
    at async h.doSetInput (file:///usr/share/vscodium-bin/resources/app/out/vs/workbench/workbench.desktop.main.js:2385:33390)
    at async h.doOpenEditor (file:///usr/share/vscodium-bin/resources/app/out/vs/workbench/workbench.desktop.main.js:2385:31790)
    at async h.openEditor (file:///usr/share/vscodium-bin/resources/app/out/vs/workbench/workbench.desktop.main.js:2385:31438)
    at async file:///usr/share/vscodium-bin/resources/app/out/vs/workbench/workbench.desktop.main.js:2584:16931
    at async C.doOpenCodeEditor (file:///usr/share/vscodium-bin/resources/app/out/vs/workbench/workbench.desktop.main.js:1276:98797)
    at async b.open (file:///usr/share/vscodium-bin/resources/app/out/vs/workbench/workbench.desktop.main.js:603:19668)
    at async open (file:///usr/share/vscodium-bin/resources/app/out/vs/workbench/workbench.desktop.main.js:603:21181)
[2021-09-09 12:57:22.660] [renderer1] [error] Unable to write file '/usr/share/vscodium-bin/resources/app/out/vs/code/electron-browser/sharedProcess/sharedProcessMain.js:48:11745' (NoPermissions (FileSystemError): Error: EACCES: permission denied, open '/usr/share/vscodium-bin/resources/app/out/vs/code/electron-browser/sharedProcess/sharedProcessMain.js:48:11745'): Error: Unable to write file '/usr/share/vscodium-bin/resources/app/out/vs/code/electron-browser/sharedProcess/sharedProcessMain.js:48:11745' (NoPermissions (FileSystemError): Error: EACCES: permission denied, open '/usr/share/vscodium-bin/resources/app/out/vs/code/electron-browser/sharedProcess/sharedProcessMain.js:48:11745')
    at ci.writeFile (file:///usr/share/vscodium-bin/resources/app/out/vs/workbench/workbench.desktop.main.js:609:15706)
    at async ci.createFile (file:///usr/share/vscodium-bin/resources/app/out/vs/workbench/workbench.desktop.main.js:609:14919)
    at async Promise.all (index 0)
    at async Object.V [as settled] (file:///usr/share/vscodium-bin/resources/app/out/vs/workbench/workbench.desktop.main.js:77:21973)
    at async h.doCreateFileOrFolder (file:///usr/share/vscodium-bin/resources/app/out/vs/workbench/workbench.desktop.main.js:2422:32075)
    at async Object.run (file:///usr/share/vscodium-bin/resources/app/out/vs/workbench/workbench.desktop.main.js:2385:172359)
[2021-09-09 12:57:24.722] [renderer1] [error] Error: Unable to read file '/usr/share/vscodium-bin/resources/app/out/vs/code/electron-browser/sharedProcess/sharedProcessMain.js:48:11745' (Error: Unable to resolve non-existing file '/usr/share/vscodium-bin/resources/app/out/vs/code/electron-browser/sharedProcess/sharedProcessMain.js:48:11745')
    at i.handleSetInputError (file:///usr/share/vscodium-bin/resources/app/out/vs/workbench/workbench.desktop.main.js:2385:172185)
    at i.handleSetInputError (file:///usr/share/vscodium-bin/resources/app/out/vs/workbench/workbench.desktop.main.js:2385:176202)
    at i.setInput (file:///usr/share/vscodium-bin/resources/app/out/vs/workbench/workbench.desktop.main.js:2385:171879)
    at async h.doSetInput (file:///usr/share/vscodium-bin/resources/app/out/vs/workbench/workbench.desktop.main.js:2385:33390)
    at async h.doOpenEditor (file:///usr/share/vscodium-bin/resources/app/out/vs/workbench/workbench.desktop.main.js:2385:31790)
    at async h.openEditor (file:///usr/share/vscodium-bin/resources/app/out/vs/workbench/workbench.desktop.main.js:2385:31438)
    at async file:///usr/share/vscodium-bin/resources/app/out/vs/workbench/workbench.desktop.main.js:2584:16931
    at async C.doOpenCodeEditor (file:///usr/share/vscodium-bin/resources/app/out/vs/workbench/workbench.desktop.main.js:1276:98797)
    at async b.open (file:///usr/share/vscodium-bin/resources/app/out/vs/workbench/workbench.desktop.main.js:603:19668)
    at async open (file:///usr/share/vscodium-bin/resources/app/out/vs/workbench/workbench.desktop.main.js:603:21181)
[2021-09-09 12:57:26.695] [renderer1] [error] Unable to write file '/usr/share/vscodium-bin/resources/app/out/vs/code/electron-browser/sharedProcess/sharedProcessMain.js:48:11745' (NoPermissions (FileSystemError): Error: EACCES: permission denied, open '/usr/share/vscodium-bin/resources/app/out/vs/code/electron-browser/sharedProcess/sharedProcessMain.js:48:11745'): Error: Unable to write file '/usr/share/vscodium-bin/resources/app/out/vs/code/electron-browser/sharedProcess/sharedProcessMain.js:48:11745' (NoPermissions (FileSystemError): Error: EACCES: permission denied, open '/usr/share/vscodium-bin/resources/app/out/vs/code/electron-browser/sharedProcess/sharedProcessMain.js:48:11745')
    at ci.writeFile (file:///usr/share/vscodium-bin/resources/app/out/vs/workbench/workbench.desktop.main.js:609:15706)
    at async ci.createFile (file:///usr/share/vscodium-bin/resources/app/out/vs/workbench/workbench.desktop.main.js:609:14919)
    at async Promise.all (index 0)
    at async Object.V [as settled] (file:///usr/share/vscodium-bin/resources/app/out/vs/workbench/workbench.desktop.main.js:77:21973)
    at async h.doCreateFileOrFolder (file:///usr/share/vscodium-bin/resources/app/out/vs/workbench/workbench.desktop.main.js:2422:32075)
    at async Object.run (file:///usr/share/vscodium-bin/resources/app/out/vs/workbench/workbench.desktop.main.js:2385:172359)
[2021-09-09 12:59:27.827] [renderer1] [error] ["incompatible: Can't install 'ms-toolsai.jupyter' extension because it is not compatible with the current version of VS Code (version 1.60.0).","    at O.checkAndGetCompatibleVersion (file:///usr/share/vscodium-bin/resources/app/out/vs/code/electron-browser/sharedProcess/sharedProcessMain.js:48:11745)","    at async O.installFromGallery (file:///usr/share/vscodium-bin/resources/app/out/vs/code/electron-browser/sharedProcess/sharedProcessMain.js:48:2840)"]
[2021-09-09 12:59:27.841] [renderer1] [error] Can't install 'ms-toolsai.jupyter' extension because it is not compatible with the current version of VS Code (version 1.60.0).: incompatible: Can't install 'ms-toolsai.jupyter' extension because it is not compatible with the current version of VS Code (version 1.60.0).
    at O.checkAndGetCompatibleVersion (file:///usr/share/vscodium-bin/resources/app/out/vs/code/electron-browser/sharedProcess/sharedProcessMain.js:48:11745)
    at async O.installFromGallery (file:///usr/share/vscodium-bin/resources/app/out/vs/code/electron-browser/sharedProcess/sharedProcessMain.js:48:2840)
