[2021-09-09 19:44:17.921] [exthost] [info] extension host started
[2021-09-09 19:44:17.921] [exthost] [info] Skipping acquiring lock for /home/qtile/.config/VSCodium/User/workspaceStorage/fd726fa270eea6ad5043742a147ee5f0.
[2021-09-09 19:44:18.193] [exthost] [info] ExtensionService#_doActivateExtension ms-python.python {"startup":false,"extensionId":{"value":"ms-python.python","_lower":"ms-python.python"},"activationEvent":"onLanguage:python"}
[2021-09-09 19:44:18.193] [exthost] [info] ExtensionService#loadCommonJSModule file:///home/qtile/.vscode-oss/extensions/ms-python.python-2021.8.1159798656/out/client/extension
[2021-09-09 19:44:18.332] [exthost] [info] ExtensionService#_doActivateExtension ms-toolsai.jupyter {"startup":false,"extensionId":{"value":"ms-toolsai.jupyter","_lower":"ms-toolsai.jupyter"},"activationEvent":"onLanguage:python"}
[2021-09-09 19:44:18.332] [exthost] [info] ExtensionService#loadCommonJSModule file:///home/qtile/.vscode-oss/extensions/ms-toolsai.jupyter-2021.2.603412351/out/client/extension
[2021-09-09 19:44:18.583] [exthost] [info] ExtensionService#_doActivateExtension vscode.debug-auto-launch {"startup":true,"extensionId":{"value":"vscode.debug-auto-launch","_lower":"vscode.debug-auto-launch"},"activationEvent":"*"}
[2021-09-09 19:44:18.584] [exthost] [info] ExtensionService#loadCommonJSModule file:///usr/share/vscodium-bin/resources/app/extensions/debug-auto-launch/dist/extension
[2021-09-09 19:44:18.589] [exthost] [info] ExtensionService#_doActivateExtension vscode.git {"startup":true,"extensionId":{"value":"vscode.github","_lower":"vscode.github"},"activationEvent":"*"}
[2021-09-09 19:44:18.589] [exthost] [info] ExtensionService#loadCommonJSModule file:///usr/share/vscodium-bin/resources/app/extensions/git/dist/main
[2021-09-09 19:44:18.879] [exthost] [error] Activating extension ms-toolsai.jupyter failed due to an error:
[2021-09-09 19:44:18.879] [exthost] [error] TypeError: o.getConfiguration(...).get(...).find is not a function
	at new m (/home/qtile/.vscode-oss/extensions/ms-toolsai.jupyter-2021.2.603412351/out/client/extension.js:47:685418)
	at Object.t.resolveInstance (/home/qtile/.vscode-oss/extensions/ms-toolsai.jupyter-2021.2.603412351/out/client/extension.js:47:237116)
	at /home/qtile/.vscode-oss/extensions/ms-toolsai.jupyter-2021.2.603412351/out/client/extension.js:47:236322
	at Object.t.resolve (/home/qtile/.vscode-oss/extensions/ms-toolsai.jupyter-2021.2.603412351/out/client/extension.js:47:236585)
	at /home/qtile/.vscode-oss/extensions/ms-toolsai.jupyter-2021.2.603412351/out/client/extension.js:47:227686
	at e._get (/home/qtile/.vscode-oss/extensions/ms-toolsai.jupyter-2021.2.603412351/out/client/extension.js:47:227452)
	at e.get (/home/qtile/.vscode-oss/extensions/ms-toolsai.jupyter-2021.2.603412351/out/client/extension.js:47:226164)
	at a.get (/home/qtile/.vscode-oss/extensions/ms-toolsai.jupyter-2021.2.603412351/out/client/extension.js:49:887437)
	at /home/qtile/.vscode-oss/extensions/ms-toolsai.jupyter-2021.2.603412351/out/client/extension.js:47:269530
	at processTicksAndRejections (internal/process/task_queues.js:93:5)
	at async /home/qtile/.vscode-oss/extensions/ms-toolsai.jupyter-2021.2.603412351/out/client/extension.js:32:722103
	at async t.activate (/home/qtile/.vscode-oss/extensions/ms-toolsai.jupyter-2021.2.603412351/out/client/extension.js:32:721813)
	at async Promise.all (index 1)
[2021-09-09 19:44:18.952] [exthost] [info] ExtensionService#_doActivateExtension vscode.github {"startup":true,"extensionId":{"value":"vscode.github","_lower":"vscode.github"},"activationEvent":"*"}
[2021-09-09 19:44:18.952] [exthost] [info] ExtensionService#loadCommonJSModule file:///usr/share/vscodium-bin/resources/app/extensions/github/dist/extension.js
[2021-09-09 19:44:19.016] [exthost] [info] eager extensions activated
[2021-09-09 19:44:19.105] [exthost] [info] ExtensionService#_doActivateExtension ms-vscode.js-debug {"startup":false,"extensionId":{"value":"ms-vscode.js-debug","_lower":"ms-vscode.js-debug"},"activationEvent":"onCommand:extension.js-debug.clearAutoAttachVariables"}
[2021-09-09 19:44:19.106] [exthost] [info] ExtensionService#loadCommonJSModule file:///usr/share/vscodium-bin/resources/app/extensions/ms-vscode.js-debug/src/extension.js
[2021-09-09 19:44:19.480] [exthost] [info] ExtensionService#_doActivateExtension vscode.emmet {"startup":false,"extensionId":{"value":"vscode.emmet","_lower":"vscode.emmet"},"activationEvent":"onStartupFinished"}
[2021-09-09 19:44:19.480] [exthost] [info] ExtensionService#loadCommonJSModule file:///usr/share/vscodium-bin/resources/app/extensions/emmet/dist/node/emmetNodeMain
[2021-09-09 19:44:19.493] [exthost] [info] ExtensionService#_doActivateExtension vscode.merge-conflict {"startup":false,"extensionId":{"value":"vscode.merge-conflict","_lower":"vscode.merge-conflict"},"activationEvent":"onStartupFinished"}
[2021-09-09 19:44:19.493] [exthost] [info] ExtensionService#loadCommonJSModule file:///usr/share/vscodium-bin/resources/app/extensions/merge-conflict/dist/mergeConflictMain
[2021-09-09 19:49:39.684] [exthost] [info] extension host terminating: renderer closed the socket
[2021-09-09 19:49:40.715] [exthost] [info] exiting with code 0
