[2021-09-09 12:51:42.554] [renderer1] [error] EACCES: permission denied, open '/usr/share/vscodium-bin/resources/app/extensions/json-language-features/package.json': Error: EACCES: permission denied, open '/usr/share/vscodium-bin/resources/app/extensions/json-language-features/package.json'
[2021-09-09 12:51:42.557] [renderer1] [error] EACCES: permission denied, open '/usr/share/vscodium-bin/resources/app/extensions/json/package.json': Error: EACCES: permission denied, open '/usr/share/vscodium-bin/resources/app/extensions/json/package.json'
[2021-09-09 12:51:42.557] [renderer1] [error] EACCES: permission denied, open '/usr/share/vscodium-bin/resources/app/extensions/html-language-features/package.json': Error: EACCES: permission denied, open '/usr/share/vscodium-bin/resources/app/extensions/html-language-features/package.json'
[2021-09-09 12:51:42.558] [renderer1] [error] EACCES: permission denied, open '/usr/share/vscodium-bin/resources/app/extensions/yaml/package.json': Error: EACCES: permission denied, open '/usr/share/vscodium-bin/resources/app/extensions/yaml/package.json'
[2021-09-09 12:51:42.558] [renderer1] [error] EACCES: permission denied, open '/usr/share/vscodium-bin/resources/app/extensions/cpp/package.json': Error: EACCES: permission denied, open '/usr/share/vscodium-bin/resources/app/extensions/cpp/package.json'
[2021-09-09 12:51:42.559] [renderer1] [error] EACCES: permission denied, open '/usr/share/vscodium-bin/resources/app/extensions/html/package.json': Error: EACCES: permission denied, open '/usr/share/vscodium-bin/resources/app/extensions/html/package.json'
[2021-09-09 12:51:42.559] [renderer1] [error] EACCES: permission denied, open '/usr/share/vscodium-bin/resources/app/extensions/css/package.json': Error: EACCES: permission denied, open '/usr/share/vscodium-bin/resources/app/extensions/css/package.json'
[2021-09-09 12:51:42.560] [renderer1] [error] EACCES: permission denied, open '/usr/share/vscodium-bin/resources/app/extensions/markdown-basics/package.json': Error: EACCES: permission denied, open '/usr/share/vscodium-bin/resources/app/extensions/markdown-basics/package.json'
[2021-09-09 12:51:42.560] [renderer1] [error] EACCES: permission denied, open '/usr/share/vscodium-bin/resources/app/extensions/docker/package.json': Error: EACCES: permission denied, open '/usr/share/vscodium-bin/resources/app/extensions/docker/package.json'
[2021-09-09 12:51:42.561] [renderer1] [error] EACCES: permission denied, open '/usr/share/vscodium-bin/resources/app/extensions/javascript/package.json': Error: EACCES: permission denied, open '/usr/share/vscodium-bin/resources/app/extensions/javascript/package.json'
[2021-09-09 12:51:42.561] [renderer1] [error] EACCES: permission denied, open '/usr/share/vscodium-bin/resources/app/extensions/java/package.json': Error: EACCES: permission denied, open '/usr/share/vscodium-bin/resources/app/extensions/java/package.json'
[2021-09-09 12:51:42.562] [renderer1] [error] EACCES: permission denied, open '/usr/share/vscodium-bin/resources/app/extensions/log/package.json': Error: EACCES: permission denied, open '/usr/share/vscodium-bin/resources/app/extensions/log/package.json'
[2021-09-09 12:51:42.563] [renderer1] [error] EACCES: permission denied, open '/usr/share/vscodium-bin/resources/app/extensions/configuration-editing/package.json': Error: EACCES: permission denied, open '/usr/share/vscodium-bin/resources/app/extensions/configuration-editing/package.json'
[2021-09-09 12:51:42.565] [renderer1] [error] EACCES: permission denied, open '/usr/share/vscodium-bin/resources/app/extensions/debug-auto-launch/package.json': Error: EACCES: permission denied, open '/usr/share/vscodium-bin/resources/app/extensions/debug-auto-launch/package.json'
[2021-09-09 12:51:42.566] [renderer1] [error] EACCES: permission denied, open '/usr/share/vscodium-bin/resources/app/extensions/make/package.json': Error: EACCES: permission denied, open '/usr/share/vscodium-bin/resources/app/extensions/make/package.json'
[2021-09-09 12:51:42.568] [renderer1] [error] EACCES: permission denied, open '/usr/share/vscodium-bin/resources/app/extensions/less/package.json': Error: EACCES: permission denied, open '/usr/share/vscodium-bin/resources/app/extensions/less/package.json'
[2021-09-09 12:51:42.570] [renderer1] [error] EACCES: permission denied, open '/usr/share/vscodium-bin/resources/app/extensions/handlebars/package.json': Error: EACCES: permission denied, open '/usr/share/vscodium-bin/resources/app/extensions/handlebars/package.json'
[2021-09-09 12:51:42.572] [renderer1] [error] EACCES: permission denied, open '/usr/share/vscodium-bin/resources/app/extensions/go/package.json': Error: EACCES: permission denied, open '/usr/share/vscodium-bin/resources/app/extensions/go/package.json'
[2021-09-09 12:51:42.573] [renderer1] [error] EACCES: permission denied, open '/usr/share/vscodium-bin/resources/app/extensions/bat/package.json': Error: EACCES: permission denied, open '/usr/share/vscodium-bin/resources/app/extensions/bat/package.json'
[2021-09-09 12:51:42.574] [renderer1] [error] EACCES: permission denied, open '/usr/share/vscodium-bin/resources/app/extensions/clojure/package.json': Error: EACCES: permission denied, open '/usr/share/vscodium-bin/resources/app/extensions/clojure/package.json'
[2021-09-09 12:51:42.574] [renderer1] [error] EACCES: permission denied, open '/usr/share/vscodium-bin/resources/app/extensions/coffeescript/package.json': Error: EACCES: permission denied, open '/usr/share/vscodium-bin/resources/app/extensions/coffeescript/package.json'
[2021-09-09 12:51:42.575] [renderer1] [error] EACCES: permission denied, open '/usr/share/vscodium-bin/resources/app/extensions/emmet/package.json': Error: EACCES: permission denied, open '/usr/share/vscodium-bin/resources/app/extensions/emmet/package.json'
[2021-09-09 12:51:42.575] [renderer1] [error] EACCES: permission denied, open '/usr/share/vscodium-bin/resources/app/extensions/groovy/package.json': Error: EACCES: permission denied, open '/usr/share/vscodium-bin/resources/app/extensions/groovy/package.json'
[2021-09-09 12:51:42.576] [renderer1] [error] EACCES: permission denied, open '/usr/share/vscodium-bin/resources/app/extensions/grunt/package.json': Error: EACCES: permission denied, open '/usr/share/vscodium-bin/resources/app/extensions/grunt/package.json'
[2021-09-09 12:51:42.577] [renderer1] [error] EACCES: permission denied, open '/usr/share/vscodium-bin/resources/app/extensions/gulp/package.json': Error: EACCES: permission denied, open '/usr/share/vscodium-bin/resources/app/extensions/gulp/package.json'
[2021-09-09 12:51:42.577] [renderer1] [error] EACCES: permission denied, open '/usr/share/vscodium-bin/resources/app/extensions/jake/package.json': Error: EACCES: permission denied, open '/usr/share/vscodium-bin/resources/app/extensions/jake/package.json'
[2021-09-09 12:51:42.583] [renderer1] [error] EACCES: permission denied, open '/usr/share/vscodium-bin/resources/app/extensions/shellscript/package.json': Error: EACCES: permission denied, open '/usr/share/vscodium-bin/resources/app/extensions/shellscript/package.json'
[2021-09-09 12:51:42.584] [renderer1] [error] EACCES: permission denied, open '/usr/share/vscodium-bin/resources/app/extensions/xml/package.json': Error: EACCES: permission denied, open '/usr/share/vscodium-bin/resources/app/extensions/xml/package.json'
[2021-09-09 12:51:42.587] [renderer1] [error] EACCES: permission denied, open '/usr/share/vscodium-bin/resources/app/extensions/ini/package.json': Error: EACCES: permission denied, open '/usr/share/vscodium-bin/resources/app/extensions/ini/package.json'
[2021-09-09 12:51:42.588] [renderer1] [error] EACCES: permission denied, open '/usr/share/vscodium-bin/resources/app/extensions/python/package.json': Error: EACCES: permission denied, open '/usr/share/vscodium-bin/resources/app/extensions/python/package.json'
[2021-09-09 12:51:42.589] [renderer1] [error] EACCES: permission denied, open '/usr/share/vscodium-bin/resources/app/extensions/csharp/package.json': Error: EACCES: permission denied, open '/usr/share/vscodium-bin/resources/app/extensions/csharp/package.json'
[2021-09-09 12:51:42.591] [renderer1] [error] EACCES: permission denied, open '/usr/share/vscodium-bin/resources/app/extensions/lua/package.json': Error: EACCES: permission denied, open '/usr/share/vscodium-bin/resources/app/extensions/lua/package.json'
[2021-09-09 12:51:42.592] [renderer1] [error] EACCES: permission denied, open '/usr/share/vscodium-bin/resources/app/extensions/fsharp/package.json': Error: EACCES: permission denied, open '/usr/share/vscodium-bin/resources/app/extensions/fsharp/package.json'
[2021-09-09 12:51:42.592] [renderer1] [error] EACCES: permission denied, open '/usr/share/vscodium-bin/resources/app/extensions/hlsl/package.json': Error: EACCES: permission denied, open '/usr/share/vscodium-bin/resources/app/extensions/hlsl/package.json'
[2021-09-09 12:51:42.592] [renderer1] [error] EACCES: permission denied, open '/usr/share/vscodium-bin/resources/app/extensions/typescript-basics/package.json': Error: EACCES: permission denied, open '/usr/share/vscodium-bin/resources/app/extensions/typescript-basics/package.json'
[2021-09-09 12:51:42.593] [renderer1] [error] EACCES: permission denied, open '/usr/share/vscodium-bin/resources/app/extensions/merge-conflict/package.json': Error: EACCES: permission denied, open '/usr/share/vscodium-bin/resources/app/extensions/merge-conflict/package.json'
[2021-09-09 12:51:42.593] [renderer1] [error] EACCES: permission denied, open '/usr/share/vscodium-bin/resources/app/extensions/typescript-language-features/package.json': Error: EACCES: permission denied, open '/usr/share/vscodium-bin/resources/app/extensions/typescript-language-features/package.json'
[2021-09-09 12:51:42.593] [renderer1] [error] EACCES: permission denied, open '/usr/share/vscodium-bin/resources/app/extensions/theme-monokai/package.json': Error: EACCES: permission denied, open '/usr/share/vscodium-bin/resources/app/extensions/theme-monokai/package.json'
[2021-09-09 12:51:42.594] [renderer1] [error] EACCES: permission denied, open '/usr/share/vscodium-bin/resources/app/extensions/sql/package.json': Error: EACCES: permission denied, open '/usr/share/vscodium-bin/resources/app/extensions/sql/package.json'
[2021-09-09 12:51:42.594] [renderer1] [error] EACCES: permission denied, open '/usr/share/vscodium-bin/resources/app/extensions/theme-solarized-dark/package.json': Error: EACCES: permission denied, open '/usr/share/vscodium-bin/resources/app/extensions/theme-solarized-dark/package.json'
[2021-09-09 12:51:42.594] [renderer1] [error] EACCES: permission denied, open '/usr/share/vscodium-bin/resources/app/extensions/powershell/package.json': Error: EACCES: permission denied, open '/usr/share/vscodium-bin/resources/app/extensions/powershell/package.json'
[2021-09-09 12:51:42.595] [renderer1] [error] EACCES: permission denied, open '/usr/share/vscodium-bin/resources/app/extensions/theme-defaults/package.json': Error: EACCES: permission denied, open '/usr/share/vscodium-bin/resources/app/extensions/theme-defaults/package.json'
[2021-09-09 12:51:42.596] [renderer1] [error] EACCES: permission denied, open '/usr/share/vscodium-bin/resources/app/extensions/theme-quietlight/package.json': Error: EACCES: permission denied, open '/usr/share/vscodium-bin/resources/app/extensions/theme-quietlight/package.json'
[2021-09-09 12:51:44.426] [renderer1] [error] EACCES: permission denied, open '/usr/share/vscodium-bin/resources/app/extensions/python/package.json': Error: EACCES: permission denied, open '/usr/share/vscodium-bin/resources/app/extensions/python/package.json'
[2021-09-09 12:52:15.045] [renderer1] [error] ["incompatible: Can't install 'ms-toolsai.jupyter' extension because it is not compatible with the current version of VS Code (version 1.60.0).","    at O.checkAndGetCompatibleVersion (file:///usr/share/vscodium-bin/resources/app/out/vs/code/electron-browser/sharedProcess/sharedProcessMain.js:48:11745)","    at async l (file:///usr/share/vscodium-bin/resources/app/out/vs/code/electron-browser/sharedProcess/sharedProcessMain.js:48:10947)","    at async O.getAllDepsAndPackExtensionsToInstall (file:///usr/share/vscodium-bin/resources/app/out/vs/code/electron-browser/sharedProcess/sharedProcessMain.js:48:11256)","    at async O.installExtension (file:///usr/share/vscodium-bin/resources/app/out/vs/code/electron-browser/sharedProcess/sharedProcessMain.js:48:5785)"]
[2021-09-09 12:52:15.220] [renderer1] [error] Can't install 'ms-toolsai.jupyter' extension because it is not compatible with the current version of VS Code (version 1.60.0).: incompatible: Can't install 'ms-toolsai.jupyter' extension because it is not compatible with the current version of VS Code (version 1.60.0).
    at O.checkAndGetCompatibleVersion (file:///usr/share/vscodium-bin/resources/app/out/vs/code/electron-browser/sharedProcess/sharedProcessMain.js:48:11745)
    at async l (file:///usr/share/vscodium-bin/resources/app/out/vs/code/electron-browser/sharedProcess/sharedProcessMain.js:48:10947)
    at async O.getAllDepsAndPackExtensionsToInstall (file:///usr/share/vscodium-bin/resources/app/out/vs/code/electron-browser/sharedProcess/sharedProcessMain.js:48:11256)
    at async O.installExtension (file:///usr/share/vscodium-bin/resources/app/out/vs/code/electron-browser/sharedProcess/sharedProcessMain.js:48:5785)
